


ARM Macro Assembler    Page 1 


    1 00000000         ;************************************************
    2 00000000         ;  Delay microseconds
    3 00000000         ;************************************************
    4 00000000         
    5 00000000         
    6 00000000                 PRESERVE8
    7 00000000                 AREA             DELAY,CODE,READONLY
    8 00000000                 ARM
    9 00000000         
   10 00000000                 EXPORT           GPIOR_DELAYUS
   11 00000000         ; extern void GPIOR_DELAYUS(int)
   12 00000000         
   13 00000000         GPIOR_DELAYUS                        ; CPU Cycles
   14 00000000 E3A01000        LDR              R1, = 0     ; 3 
   15 00000004         _WAIT_
   16 00000004 E2400001        SUB              R0, R0, #1  ; 1  
   17 00000008 E1A00000        NOP                          ;  1
   18 0000000C E1A00000        NOP
   19 00000010 E1A00000        NOP
   20 00000014 E1A00000        NOP
   21 00000018 E1A00000        NOP
   22 0000001C         
   23 0000001C E1A00000        NOP
   24 00000020 E1A00000        NOP
   25 00000024 E1A00000        NOP
   26 00000028 E1A00000        NOP
   27 0000002C E1A00000        NOP
   28 00000030         
   29 00000030 E1A00000        NOP
   30 00000034 E1A00000        NOP
   31 00000038 E1A00000        NOP
   32 0000003C E1A00000        NOP
   33 00000040 E1A00000        NOP
   34 00000044         
   35 00000044 E1A00000        NOP
   36 00000048 E1A00000        NOP
   37 0000004C E1A00000        NOP
   38 00000050 E1A00000        NOP
   39 00000054 E1A00000        NOP
   40 00000058         
   41 00000058 E1A00000        NOP
   42 0000005C E1A00000        NOP
   43 00000060 E1A00000        NOP
   44 00000064 E1A00000        NOP
   45 00000068 E1A00000        NOP
   46 0000006C E1500001        CMP              R0, R1      ; 1
   47 00000070 1AFFFFE3        BNE              _WAIT_      ; 3 / 1
   48 00000074 E12FFF1E        BX               LR
   49 00000078         
   50 00000078                 END
Command Line: --debug --xref --cpu=ARM920T --apcs=interwork --depend=.\delay.d 
-o.\delay.o -I"D:\Program Files\MDK\ARM\RV31\Inc" -I"D:\Program Files\MDK\ARM\C
MSIS\Include" -I"D:\Program Files\MDK\ARM\Inc\Atmel\RM9200" --list=delay.lst ..
\delay.s



ARM Macro Assembler    Page 1 Alphabetic symbol ordering
Relocatable symbols

DELAY 00000000

Symbol: DELAY
   Definitions
      At line 7 in file ..\delay.s
   Uses
      None
Comment: DELAY unused
GPIOR_DELAYUS 00000000

Symbol: GPIOR_DELAYUS
   Definitions
      At line 13 in file ..\delay.s
   Uses
      At line 10 in file ..\delay.s
Comment: GPIOR_DELAYUS used once
_WAIT_ 00000004

Symbol: _WAIT_
   Definitions
      At line 15 in file ..\delay.s
   Uses
      At line 47 in file ..\delay.s
Comment: _WAIT_ used once
3 symbols
333 symbols in table
